[30-Apr-2023 11:24:10 UTC] PHP Notice:  Trying to get property 'time_taken' of non-object in /Applications/MAMP/htdocs/lacendriestudio/wp-content/plugins/query-monitor/output/headers/overview.php on line 29
[30-Apr-2023 11:24:10 UTC] PHP Notice:  Trying to get property 'time_usage' of non-object in /Applications/MAMP/htdocs/lacendriestudio/wp-content/plugins/query-monitor/output/headers/overview.php on line 33
[30-Apr-2023 11:24:10 UTC] PHP Notice:  Trying to get property 'time_limit' of non-object in /Applications/MAMP/htdocs/lacendriestudio/wp-content/plugins/query-monitor/output/headers/overview.php on line 34
[30-Apr-2023 12:08:06 UTC] PHP Notice:  Constant WP_DEFAULT_THEME already defined in /Applications/MAMP/htdocs/lacendriestudio/wp-config.php on line 105
[30-Apr-2023 12:09:06 UTC] PHP Notice:  Constant WP_DEFAULT_THEME already defined in /Applications/MAMP/htdocs/lacendriestudio/wp-config.php on line 105
[30-Apr-2023 12:10:06 UTC] PHP Notice:  Constant WP_DEFAULT_THEME already defined in /Applications/MAMP/htdocs/lacendriestudio/wp-config.php on line 105
[30-Apr-2023 12:11:06 UTC] PHP Notice:  Constant WP_DEFAULT_THEME already defined in /Applications/MAMP/htdocs/lacendriestudio/wp-config.php on line 105
[30-Apr-2023 12:13:06 UTC] PHP Notice:  Constant WP_DEFAULT_THEME already defined in /Applications/MAMP/htdocs/lacendriestudio/wp-config.php on line 105
[30-Apr-2023 12:14:07 UTC] PHP Notice:  Constant WP_DEFAULT_THEME already defined in /Applications/MAMP/htdocs/lacendriestudio/wp-config.php on line 105
[30-Apr-2023 12:16:08 UTC] PHP Notice:  Constant WP_DEFAULT_THEME already defined in /Applications/MAMP/htdocs/lacendriestudio/wp-config.php on line 105
[30-Apr-2023 12:18:08 UTC] PHP Notice:  Constant WP_DEFAULT_THEME already defined in /Applications/MAMP/htdocs/lacendriestudio/wp-config.php on line 105
[30-Apr-2023 12:20:09 UTC] PHP Notice:  Constant WP_DEFAULT_THEME already defined in /Applications/MAMP/htdocs/lacendriestudio/wp-config.php on line 105
[30-Apr-2023 12:22:10 UTC] PHP Notice:  Constant WP_DEFAULT_THEME already defined in /Applications/MAMP/htdocs/lacendriestudio/wp-config.php on line 105
[30-Apr-2023 12:34:02 UTC] PHP Notice:  Constant WP_DEFAULT_THEME already defined in /Applications/MAMP/htdocs/lacendriestudio/wp-config.php on line 105
[30-Apr-2023 12:34:02 UTC] PHP Notice:  Constant WP_DEFAULT_THEME already defined in /Applications/MAMP/htdocs/lacendriestudio/wp-config.php on line 105
[30-Apr-2023 12:35:03 UTC] PHP Notice:  Constant WP_DEFAULT_THEME already defined in /Applications/MAMP/htdocs/lacendriestudio/wp-config.php on line 105
[30-Apr-2023 12:37:04 UTC] PHP Notice:  Constant WP_DEFAULT_THEME already defined in /Applications/MAMP/htdocs/lacendriestudio/wp-config.php on line 105
[30-Apr-2023 12:39:05 UTC] PHP Notice:  Constant WP_DEFAULT_THEME already defined in /Applications/MAMP/htdocs/lacendriestudio/wp-config.php on line 105
[30-Apr-2023 12:41:04 UTC] PHP Notice:  Constant WP_DEFAULT_THEME already defined in /Applications/MAMP/htdocs/lacendriestudio/wp-config.php on line 105
[30-Apr-2023 12:43:06 UTC] PHP Notice:  Constant WP_DEFAULT_THEME already defined in /Applications/MAMP/htdocs/lacendriestudio/wp-config.php on line 105
[25-Sep-2023 13:32:00 UTC] PHP Notice:  Undefined index: État in /Applications/MAMP/htdocs/lacendriestudio/wp-content/plugins/webba-booking-lite/plugion/templates/filter_select.php on line 21
[25-Sep-2023 13:32:15 UTC] PHP Notice:  Trying to access array offset on value of type bool in /Applications/MAMP/htdocs/lacendriestudio/wp-content/plugins/webba-booking-lite/templates/frontend_v5/webba5_form_container.php on line 13
[25-Sep-2023 13:39:33 UTC] PHP Notice:  Undefined index: État in /Applications/MAMP/htdocs/lacendriestudio/wp-content/plugins/webba-booking-lite/plugion/templates/filter_select.php on line 21
[25-Sep-2023 13:39:33 UTC] PHP Notice:  Undefined index: État in /Applications/MAMP/htdocs/lacendriestudio/wp-content/plugins/webba-booking-lite/plugion/templates/filter_select.php on line 21
[25-Sep-2023 13:41:32 UTC] PHP Notice:  Undefined index: État in /Applications/MAMP/htdocs/lacendriestudio/wp-content/plugins/webba-booking-lite/plugion/templates/filter_select.php on line 21
[25-Sep-2023 13:41:37 UTC] PHP Notice:  Trying to access array offset on value of type bool in /Applications/MAMP/htdocs/lacendriestudio/wp-content/plugins/webba-booking-lite/templates/frontend_v5/webba5_form_container.php on line 13
[25-Sep-2023 13:51:38 UTC] PHP Notice:  Trying to access array offset on value of type bool in /Applications/MAMP/htdocs/lacendriestudio/wp-content/plugins/webba-booking-lite/templates/frontend_v5/webba5_form_container.php on line 13
[25-Sep-2023 13:54:40 UTC] PHP Notice:  Trying to access array offset on value of type bool in /Applications/MAMP/htdocs/lacendriestudio/wp-content/plugins/webba-booking-lite/templates/frontend_v5/webba5_form_container.php on line 13
[25-Sep-2023 13:57:18 UTC] PHP Notice:  La fonction register_rest_route a été appelée de façon <strong>incorrecte</strong>. La définition de la route de l’API REST pour <code>cendrie/v1/versions</code> n’a pas l’argument <code>permission_callback</code> nécessaire. Pour les routes de l’API REST qui sont destinées à être publiques, utilisez <code>__return_true</code> comme rappel de permission. Veuillez lire <a href="https://fr.wordpress.org/support/article/debugging-in-wordpress/">Débogage dans WordPress</a> (en) pour plus d’informations. (Ce message a été ajouté à la version 5.5.0.) in /Applications/MAMP/htdocs/lacendriestudio/wp-includes/functions.php on line 5905
[25-Sep-2023 13:57:25 UTC] PHP Notice:  La fonction register_rest_route a été appelée de façon <strong>incorrecte</strong>. La définition de la route de l’API REST pour <code>cendrie/v1/versions</code> n’a pas l’argument <code>permission_callback</code> nécessaire. Pour les routes de l’API REST qui sont destinées à être publiques, utilisez <code>__return_true</code> comme rappel de permission. Veuillez lire <a href="https://fr.wordpress.org/support/article/debugging-in-wordpress/">Débogage dans WordPress</a> (en) pour plus d’informations. (Ce message a été ajouté à la version 5.5.0.) in /Applications/MAMP/htdocs/lacendriestudio/wp-includes/functions.php on line 5905
[25-Sep-2023 13:57:36 UTC] PHP Notice:  Trying to access array offset on value of type bool in /Applications/MAMP/htdocs/lacendriestudio/wp-content/plugins/webba-booking-lite/templates/frontend_v5/webba5_form_container.php on line 13
[25-Sep-2023 13:58:05 UTC] PHP Notice:  Trying to access array offset on value of type bool in /Applications/MAMP/htdocs/lacendriestudio/wp-content/plugins/webba-booking-lite/templates/frontend_v5/webba5_form_container.php on line 13
[25-Sep-2023 13:59:14 UTC] PHP Notice:  Trying to access array offset on value of type bool in /Applications/MAMP/htdocs/lacendriestudio/wp-content/plugins/webba-booking-lite/templates/frontend_v5/webba5_form_container.php on line 19
[25-Sep-2023 14:00:10 UTC] PHP Notice:  Trying to access array offset on value of type bool in /Applications/MAMP/htdocs/lacendriestudio/wp-content/plugins/webba-booking-lite/templates/frontend_v5/webba5_form_container.php on line 19
[25-Sep-2023 14:00:29 UTC] PHP Notice:  Trying to access array offset on value of type bool in /Applications/MAMP/htdocs/lacendriestudio/wp-content/plugins/webba-booking-lite/templates/frontend_v5/webba5_form_container.php on line 19
[25-Sep-2023 14:03:20 UTC] PHP Notice:  Trying to access array offset on value of type bool in /Applications/MAMP/htdocs/lacendriestudio/wp-content/plugins/webba-booking-lite/templates/frontend_v5/webba5_form_container.php on line 19
[25-Sep-2023 14:12:41 UTC] PHP Notice:  Trying to access array offset on value of type bool in /Applications/MAMP/htdocs/lacendriestudio/wp-content/plugins/webba-booking-lite/templates/frontend_v5/webba5_form_container.php on line 19
[25-Sep-2023 14:15:29 UTC] PHP Notice:  La fonction register_rest_route a été appelée de façon <strong>incorrecte</strong>. La définition de la route de l’API REST pour <code>cendrie/v1/versions</code> n’a pas l’argument <code>permission_callback</code> nécessaire. Pour les routes de l’API REST qui sont destinées à être publiques, utilisez <code>__return_true</code> comme rappel de permission. Veuillez lire <a href="https://fr.wordpress.org/support/article/debugging-in-wordpress/">Débogage dans WordPress</a> (en) pour plus d’informations. (Ce message a été ajouté à la version 5.5.0.) in /Applications/MAMP/htdocs/lacendriestudio/wp-includes/functions.php on line 5905
[25-Sep-2023 14:15:35 UTC] PHP Notice:  La fonction register_rest_route a été appelée de façon <strong>incorrecte</strong>. La définition de la route de l’API REST pour <code>cendrie/v1/versions</code> n’a pas l’argument <code>permission_callback</code> nécessaire. Pour les routes de l’API REST qui sont destinées à être publiques, utilisez <code>__return_true</code> comme rappel de permission. Veuillez lire <a href="https://fr.wordpress.org/support/article/debugging-in-wordpress/">Débogage dans WordPress</a> (en) pour plus d’informations. (Ce message a été ajouté à la version 5.5.0.) in /Applications/MAMP/htdocs/lacendriestudio/wp-includes/functions.php on line 5905
[25-Sep-2023 14:15:51 UTC] PHP Notice:  La fonction register_rest_route a été appelée de façon <strong>incorrecte</strong>. La définition de la route de l’API REST pour <code>cendrie/v1/versions</code> n’a pas l’argument <code>permission_callback</code> nécessaire. Pour les routes de l’API REST qui sont destinées à être publiques, utilisez <code>__return_true</code> comme rappel de permission. Veuillez lire <a href="https://fr.wordpress.org/support/article/debugging-in-wordpress/">Débogage dans WordPress</a> (en) pour plus d’informations. (Ce message a été ajouté à la version 5.5.0.) in /Applications/MAMP/htdocs/lacendriestudio/wp-includes/functions.php on line 5905
[25-Sep-2023 14:16:02 UTC] PHP Notice:  La fonction register_rest_route a été appelée de façon <strong>incorrecte</strong>. La définition de la route de l’API REST pour <code>cendrie/v1/versions</code> n’a pas l’argument <code>permission_callback</code> nécessaire. Pour les routes de l’API REST qui sont destinées à être publiques, utilisez <code>__return_true</code> comme rappel de permission. Veuillez lire <a href="https://fr.wordpress.org/support/article/debugging-in-wordpress/">Débogage dans WordPress</a> (en) pour plus d’informations. (Ce message a été ajouté à la version 5.5.0.) in /Applications/MAMP/htdocs/lacendriestudio/wp-includes/functions.php on line 5905
[25-Sep-2023 14:16:15 UTC] PHP Notice:  La fonction register_rest_route a été appelée de façon <strong>incorrecte</strong>. La définition de la route de l’API REST pour <code>cendrie/v1/versions</code> n’a pas l’argument <code>permission_callback</code> nécessaire. Pour les routes de l’API REST qui sont destinées à être publiques, utilisez <code>__return_true</code> comme rappel de permission. Veuillez lire <a href="https://fr.wordpress.org/support/article/debugging-in-wordpress/">Débogage dans WordPress</a> (en) pour plus d’informations. (Ce message a été ajouté à la version 5.5.0.) in /Applications/MAMP/htdocs/lacendriestudio/wp-includes/functions.php on line 5905
[25-Sep-2023 14:16:23 UTC] PHP Notice:  La fonction register_rest_route a été appelée de façon <strong>incorrecte</strong>. La définition de la route de l’API REST pour <code>cendrie/v1/versions</code> n’a pas l’argument <code>permission_callback</code> nécessaire. Pour les routes de l’API REST qui sont destinées à être publiques, utilisez <code>__return_true</code> comme rappel de permission. Veuillez lire <a href="https://fr.wordpress.org/support/article/debugging-in-wordpress/">Débogage dans WordPress</a> (en) pour plus d’informations. (Ce message a été ajouté à la version 5.5.0.) in /Applications/MAMP/htdocs/lacendriestudio/wp-includes/functions.php on line 5905
[25-Sep-2023 14:16:27 UTC] PHP Notice:  La fonction register_rest_route a été appelée de façon <strong>incorrecte</strong>. La définition de la route de l’API REST pour <code>cendrie/v1/versions</code> n’a pas l’argument <code>permission_callback</code> nécessaire. Pour les routes de l’API REST qui sont destinées à être publiques, utilisez <code>__return_true</code> comme rappel de permission. Veuillez lire <a href="https://fr.wordpress.org/support/article/debugging-in-wordpress/">Débogage dans WordPress</a> (en) pour plus d’informations. (Ce message a été ajouté à la version 5.5.0.) in /Applications/MAMP/htdocs/lacendriestudio/wp-includes/functions.php on line 5905
[25-Sep-2023 14:16:30 UTC] PHP Notice:  La fonction register_rest_route a été appelée de façon <strong>incorrecte</strong>. La définition de la route de l’API REST pour <code>cendrie/v1/versions</code> n’a pas l’argument <code>permission_callback</code> nécessaire. Pour les routes de l’API REST qui sont destinées à être publiques, utilisez <code>__return_true</code> comme rappel de permission. Veuillez lire <a href="https://fr.wordpress.org/support/article/debugging-in-wordpress/">Débogage dans WordPress</a> (en) pour plus d’informations. (Ce message a été ajouté à la version 5.5.0.) in /Applications/MAMP/htdocs/lacendriestudio/wp-includes/functions.php on line 5905
[25-Sep-2023 14:20:13 UTC] PHP Notice:  Trying to access array offset on value of type bool in /Applications/MAMP/htdocs/lacendriestudio/wp-content/plugins/webba-booking-lite/templates/frontend_v5/webba5_form_container.php on line 19
